2022-02-26 23:08:30,570 INFO c.g.d.SpringBatchApplication [main] Starting SpringBatchApplication using Java 17.0.1 on pc-666 with PID 20012 (C:\GIT\danilolopesabreu\spring-batch\file-delimited-and-fixed\target\classes started by Danilo in C:\GIT\danilolopesabreu\spring-batch\file-delimited-and-fixed)
2022-02-26 23:08:30,573 INFO c.g.d.SpringBatchApplication [main] No active profile set, falling back to default profiles: default
2022-02-26 23:08:31,559 INFO c.z.h.HikariDataSource [main] HikariPool-1 - Starting...
2022-02-26 23:08:31,709 INFO c.z.h.HikariDataSource [main] HikariPool-1 - Start completed.
2022-02-26 23:08:31,957 INFO o.s.b.c.r.s.JobRepositoryFactoryBean [main] No database type set, using meta data indicating: POSTGRES
2022-02-26 23:08:32,190 INFO o.s.b.c.l.s.SimpleJobLauncher [main] No TaskExecutor has been set, defaulting to synchronous executor.
2022-02-26 23:08:32,275 INFO c.g.d.SpringBatchApplication [main] Started SpringBatchApplication in 2.176 seconds (JVM running for 3.63)
2022-02-26 23:08:32,472 INFO o.s.b.c.l.s.SimpleJobLauncher [main] Job: [SimpleJob: [name=jobPrintEvenOdd]] launched with the following parameters: [{name=DaniloLopesAbreu,, flatDelimitedFile=file:files/delimited_person.txt, run.id=16, flatFile=file:files/fixed_person.txt}]
2022-02-26 23:08:32,537 INFO o.s.b.c.j.SimpleStepHandler [main] Executing step: [printParImparStep]
2022-02-26 23:08:32,918 INFO o.s.b.c.s.AbstractStep [main] Step: [printParImparStep] executed in 381ms
2022-02-26 23:08:32,947 INFO o.s.b.c.l.s.SimpleJobLauncher [main] Job: [SimpleJob: [name=jobPrintEvenOdd]] completed with the following parameters: [{name=DaniloLopesAbreu,, flatDelimitedFile=file:files/delimited_person.txt, run.id=16, flatFile=file:files/fixed_person.txt}] and the following status: [COMPLETED] in 438ms
2022-02-26 23:08:33,004 INFO o.s.b.c.l.s.SimpleJobLauncher [main] Job: [SimpleJob: [name=jobReadFromFileDelimited]] launched with the following parameters: [{name=DaniloLopesAbreu,, flatDelimitedFile=file:files/delimited_person.txt, run.id=7, flatFile=file:files/fixed_person.txt}]
2022-02-26 23:08:33,034 INFO o.s.b.c.j.SimpleStepHandler [main] Executing step: [stepReadFromFileDelimitedSizeWidth]
2022-02-26 23:08:33,284 INFO o.s.b.c.s.AbstractStep [main] Step: [stepReadFromFileDelimitedSizeWidth] executed in 250ms
2022-02-26 23:08:33,350 INFO o.s.b.c.l.s.SimpleJobLauncher [main] Job: [SimpleJob: [name=jobReadFromFileDelimited]] completed with the following parameters: [{name=DaniloLopesAbreu,, flatDelimitedFile=file:files/delimited_person.txt, run.id=7, flatFile=file:files/fixed_person.txt}] and the following status: [COMPLETED] in 323ms
2022-02-26 23:08:33,439 INFO o.s.b.c.l.s.SimpleJobLauncher [main] Job: [SimpleJob: [name=jobReadFromFile]] launched with the following parameters: [{name=DaniloLopesAbreu,, flatDelimitedFile=file:files/delimited_person.txt, run.id=12, flatFile=file:files/fixed_person.txt}]
2022-02-26 23:08:33,471 INFO o.s.b.c.j.SimpleStepHandler [main] Executing step: [stepReadFromFileFixedSizeWidth]
2022-02-26 23:08:33,549 INFO o.s.b.c.s.AbstractStep [main] Step: [stepReadFromFileFixedSizeWidth] executed in 78ms
2022-02-26 23:08:33,583 INFO o.s.b.c.j.SimpleStepHandler [main] Executing step: [stepReadFromFileDelimitedSizeWidth_2]
2022-02-26 23:08:33,652 INFO o.s.b.c.s.AbstractStep [main] Step: [stepReadFromFileDelimitedSizeWidth_2] executed in 69ms
2022-02-26 23:08:33,677 INFO o.s.b.c.l.s.SimpleJobLauncher [main] Job: [SimpleJob: [name=jobReadFromFile]] completed with the following parameters: [{name=DaniloLopesAbreu,, flatDelimitedFile=file:files/delimited_person.txt, run.id=12, flatFile=file:files/fixed_person.txt}] and the following status: [COMPLETED] in 229ms
2022-02-26 23:08:33,735 INFO o.s.b.c.l.s.SimpleJobLauncher [main] Job: [SimpleJob: [name=jobPrintHello]] launched with the following parameters: [{name=DaniloLopesAbreu,, flatDelimitedFile=file:files/delimited_person.txt, run.id=24, flatFile=file:files/fixed_person.txt}]
2022-02-26 23:08:33,764 INFO o.s.b.c.j.SimpleStepHandler [main] Executing step: [printHelloStep]
2022-02-26 23:08:33,806 INFO o.s.b.c.s.AbstractStep [main] Step: [printHelloStep] executed in 41ms
2022-02-26 23:08:33,832 INFO o.s.b.c.l.s.SimpleJobLauncher [main] Job: [SimpleJob: [name=jobPrintHello]] completed with the following parameters: [{name=DaniloLopesAbreu,, flatDelimitedFile=file:files/delimited_person.txt, run.id=24, flatFile=file:files/fixed_person.txt}] and the following status: [COMPLETED] in 87ms
2022-02-26 23:08:33,838 INFO c.z.h.HikariDataSource [SpringApplicationShutdownHook] HikariPool-1 - Shutdown initiated...
2022-02-26 23:08:33,849 INFO c.z.h.HikariDataSource [SpringApplicationShutdownHook] HikariPool-1 - Shutdown completed.
2022-03-23 21:33:50,512 INFO c.g.d.SpringBatchApplication [main] Starting SpringBatchApplication using Java 11.0.13 on pc-666 with PID 23276 (C:\GIT\danilolopesabreu\spring-batch\file-delimited-and-fixed\target\classes started by Danilo in C:\GIT\danilolopesabreu\spring-batch\file-delimited-and-fixed)
2022-03-23 21:33:50,516 INFO c.g.d.SpringBatchApplication [main] No active profile set, falling back to default profiles: default
2022-03-23 21:33:51,514 INFO c.z.h.HikariDataSource [main] HikariPool-1 - Starting...
2022-03-23 21:33:51,642 INFO c.z.h.HikariDataSource [main] HikariPool-1 - Start completed.
2022-03-23 21:33:51,917 INFO o.s.b.c.r.s.JobRepositoryFactoryBean [main] No database type set, using meta data indicating: POSTGRES
2022-03-23 21:33:52,191 INFO o.s.b.c.l.s.SimpleJobLauncher [main] No TaskExecutor has been set, defaulting to synchronous executor.
2022-03-23 21:33:52,273 INFO c.g.d.SpringBatchApplication [main] Started SpringBatchApplication in 2.19 seconds (JVM running for 4.327)
2022-03-23 21:33:52,427 INFO o.s.b.c.l.s.SimpleJobLauncher [main] Job: [SimpleJob: [name=jobPrintEvenOdd]] launched with the following parameters: [{name=DaniloLopesAbreu,, flatDelimitedFile=file:files/delimited_person.txt, run.id=17, flatFile=file:files/fixed_person.txt}]
2022-03-23 21:33:52,485 INFO o.s.b.c.j.SimpleStepHandler [main] Executing step: [printParImparStep]
2022-03-23 21:33:52,637 INFO o.s.b.c.s.AbstractStep [main] Step: [printParImparStep] executed in 152ms
2022-03-23 21:33:52,666 INFO o.s.b.c.l.s.SimpleJobLauncher [main] Job: [SimpleJob: [name=jobPrintEvenOdd]] completed with the following parameters: [{name=DaniloLopesAbreu,, flatDelimitedFile=file:files/delimited_person.txt, run.id=17, flatFile=file:files/fixed_person.txt}] and the following status: [COMPLETED] in 200ms
2022-03-23 21:33:52,717 INFO o.s.b.c.l.s.SimpleJobLauncher [main] Job: [SimpleJob: [name=jobReadFromFileDelimited]] launched with the following parameters: [{name=DaniloLopesAbreu,, flatDelimitedFile=file:files/delimited_person.txt, run.id=8, flatFile=file:files/fixed_person.txt}]
2022-03-23 21:33:52,743 INFO o.s.b.c.j.SimpleStepHandler [main] Executing step: [stepReadFromFileDelimitedSizeWidth]
2022-03-23 21:33:52,882 INFO o.s.b.c.s.AbstractStep [main] Step: [stepReadFromFileDelimitedSizeWidth] executed in 139ms
2022-03-23 21:33:52,909 INFO o.s.b.c.l.s.SimpleJobLauncher [main] Job: [SimpleJob: [name=jobReadFromFileDelimited]] completed with the following parameters: [{name=DaniloLopesAbreu,, flatDelimitedFile=file:files/delimited_person.txt, run.id=8, flatFile=file:files/fixed_person.txt}] and the following status: [COMPLETED] in 181ms
2022-03-23 21:33:52,959 INFO o.s.b.c.l.s.SimpleJobLauncher [main] Job: [SimpleJob: [name=jobReadFromFile]] launched with the following parameters: [{name=DaniloLopesAbreu,, flatDelimitedFile=file:files/delimited_person.txt, run.id=13, flatFile=file:files/fixed_person.txt}]
2022-03-23 21:33:52,985 INFO o.s.b.c.j.SimpleStepHandler [main] Executing step: [stepReadFromFileFixedSizeWidth]
2022-03-23 21:33:53,056 INFO o.s.b.c.s.AbstractStep [main] Step: [stepReadFromFileFixedSizeWidth] executed in 71ms
2022-03-23 21:33:53,086 INFO o.s.b.c.j.SimpleStepHandler [main] Executing step: [stepReadFromFileDelimitedSizeWidth_2]
2022-03-23 21:33:53,157 INFO o.s.b.c.s.AbstractStep [main] Step: [stepReadFromFileDelimitedSizeWidth_2] executed in 70ms
2022-03-23 21:33:53,182 INFO o.s.b.c.l.s.SimpleJobLauncher [main] Job: [SimpleJob: [name=jobReadFromFile]] completed with the following parameters: [{name=DaniloLopesAbreu,, flatDelimitedFile=file:files/delimited_person.txt, run.id=13, flatFile=file:files/fixed_person.txt}] and the following status: [COMPLETED] in 214ms
2022-03-23 21:33:53,233 INFO o.s.b.c.l.s.SimpleJobLauncher [main] Job: [SimpleJob: [name=jobPrintHello]] launched with the following parameters: [{name=DaniloLopesAbreu,, flatDelimitedFile=file:files/delimited_person.txt, run.id=25, flatFile=file:files/fixed_person.txt}]
2022-03-23 21:33:53,260 INFO o.s.b.c.j.SimpleStepHandler [main] Executing step: [printHelloStep]
2022-03-23 21:33:53,300 INFO o.s.b.c.s.AbstractStep [main] Step: [printHelloStep] executed in 40ms
2022-03-23 21:33:53,323 INFO o.s.b.c.l.s.SimpleJobLauncher [main] Job: [SimpleJob: [name=jobPrintHello]] completed with the following parameters: [{name=DaniloLopesAbreu,, flatDelimitedFile=file:files/delimited_person.txt, run.id=25, flatFile=file:files/fixed_person.txt}] and the following status: [COMPLETED] in 81ms
2022-03-23 21:33:53,331 INFO c.z.h.HikariDataSource [SpringApplicationShutdownHook] HikariPool-1 - Shutdown initiated...
2022-03-23 21:33:53,351 INFO c.z.h.HikariDataSource [SpringApplicationShutdownHook] HikariPool-1 - Shutdown completed.
2022-03-28 22:22:50,093 INFO c.g.d.SpringBatchApplication [main] Starting SpringBatchApplication using Java 11.0.13 on pc-666 with PID 43992 (C:\GIT\danilolopesabreu\spring-batch\file-delimited-and-fixed\target\classes started by Danilo in C:\GIT\danilolopesabreu\spring-batch\file-delimited-and-fixed)
2022-03-28 22:22:50,097 INFO c.g.d.SpringBatchApplication [main] No active profile set, falling back to default profiles: default
2022-03-28 22:22:50,980 INFO c.z.h.HikariDataSource [main] HikariPool-1 - Starting...
2022-03-28 22:22:51,093 INFO c.z.h.HikariDataSource [main] HikariPool-1 - Start completed.
2022-03-28 22:22:51,321 INFO o.s.b.c.r.s.JobRepositoryFactoryBean [main] No database type set, using meta data indicating: POSTGRES
2022-03-28 22:22:51,523 INFO o.s.b.c.l.s.SimpleJobLauncher [main] No TaskExecutor has been set, defaulting to synchronous executor.
2022-03-28 22:22:51,604 INFO c.g.d.SpringBatchApplication [main] Started SpringBatchApplication in 1.909 seconds (JVM running for 3.912)
2022-03-28 22:22:51,712 INFO o.s.b.c.l.s.SimpleJobLauncher [main] Job: [SimpleJob: [name=jobPrintEvenOdd]] launched with the following parameters: [{name=DaniloLopesAbreu,, flatDelimitedFile=file:files/delimited_person.txt, run.id=18, flatFile=file:files/fixed_person.txt}]
2022-03-28 22:22:51,768 INFO o.s.b.c.j.SimpleStepHandler [main] Executing step: [printParImparStep]
2022-03-28 22:22:51,918 INFO o.s.b.c.s.AbstractStep [main] Step: [printParImparStep] executed in 148ms
2022-03-28 22:22:51,943 INFO o.s.b.c.l.s.SimpleJobLauncher [main] Job: [SimpleJob: [name=jobPrintEvenOdd]] completed with the following parameters: [{name=DaniloLopesAbreu,, flatDelimitedFile=file:files/delimited_person.txt, run.id=18, flatFile=file:files/fixed_person.txt}] and the following status: [COMPLETED] in 196ms
2022-03-28 22:22:51,984 INFO o.s.b.c.l.s.SimpleJobLauncher [main] Job: [SimpleJob: [name=jobReadFromFileDelimited]] launched with the following parameters: [{name=DaniloLopesAbreu,, flatDelimitedFile=file:files/delimited_person.txt, run.id=9, flatFile=file:files/fixed_person.txt}]
2022-03-28 22:22:52,009 INFO o.s.b.c.j.SimpleStepHandler [main] Executing step: [stepReadFromFileDelimitedSizeWidth]
2022-03-28 22:22:52,156 INFO o.s.b.c.s.AbstractStep [main] Step: [stepReadFromFileDelimitedSizeWidth] executed in 147ms
2022-03-28 22:22:52,182 INFO o.s.b.c.l.s.SimpleJobLauncher [main] Job: [SimpleJob: [name=jobReadFromFileDelimited]] completed with the following parameters: [{name=DaniloLopesAbreu,, flatDelimitedFile=file:files/delimited_person.txt, run.id=9, flatFile=file:files/fixed_person.txt}] and the following status: [COMPLETED] in 189ms
2022-03-28 22:22:52,223 INFO o.s.b.c.l.s.SimpleJobLauncher [main] Job: [SimpleJob: [name=jobReadFromFile]] launched with the following parameters: [{name=DaniloLopesAbreu,, flatDelimitedFile=file:files/delimited_person.txt, run.id=14, flatFile=file:files/fixed_person.txt}]
2022-03-28 22:22:52,249 INFO o.s.b.c.j.SimpleStepHandler [main] Executing step: [stepReadFromFileFixedSizeWidth]
2022-03-28 22:22:52,317 INFO o.s.b.c.s.AbstractStep [main] Step: [stepReadFromFileFixedSizeWidth] executed in 68ms
2022-03-28 22:22:52,348 INFO o.s.b.c.j.SimpleStepHandler [main] Executing step: [stepReadFromFileDelimitedSizeWidth_2]
2022-03-28 22:22:52,411 INFO o.s.b.c.s.AbstractStep [main] Step: [stepReadFromFileDelimitedSizeWidth_2] executed in 63ms
2022-03-28 22:22:52,434 INFO o.s.b.c.l.s.SimpleJobLauncher [main] Job: [SimpleJob: [name=jobReadFromFile]] completed with the following parameters: [{name=DaniloLopesAbreu,, flatDelimitedFile=file:files/delimited_person.txt, run.id=14, flatFile=file:files/fixed_person.txt}] and the following status: [COMPLETED] in 202ms
2022-03-28 22:22:52,473 INFO o.s.b.c.l.s.SimpleJobLauncher [main] Job: [SimpleJob: [name=jobPrintHello]] launched with the following parameters: [{name=DaniloLopesAbreu,, flatDelimitedFile=file:files/delimited_person.txt, run.id=26, flatFile=file:files/fixed_person.txt}]
2022-03-28 22:22:52,495 INFO o.s.b.c.j.SimpleStepHandler [main] Executing step: [printHelloStep]
2022-03-28 22:22:52,532 INFO o.s.b.c.s.AbstractStep [main] Step: [printHelloStep] executed in 37ms
2022-03-28 22:22:52,555 INFO o.s.b.c.l.s.SimpleJobLauncher [main] Job: [SimpleJob: [name=jobPrintHello]] completed with the following parameters: [{name=DaniloLopesAbreu,, flatDelimitedFile=file:files/delimited_person.txt, run.id=26, flatFile=file:files/fixed_person.txt}] and the following status: [COMPLETED] in 73ms
2022-03-28 22:22:52,562 INFO c.z.h.HikariDataSource [SpringApplicationShutdownHook] HikariPool-1 - Shutdown initiated...
2022-03-28 22:22:52,578 INFO c.z.h.HikariDataSource [SpringApplicationShutdownHook] HikariPool-1 - Shutdown completed.
2022-05-24 14:57:43,961 INFO c.g.d.SpringBatchApplication [main] Starting SpringBatchApplication using Java 11.0.13 on pc-666 with PID 19140 (C:\GIT\danilolopesabreu\spring-batch\file-delimited-and-fixed\target\classes started by Danilo in C:\GIT\danilolopesabreu\spring-batch\file-delimited-and-fixed)
2022-05-24 14:57:43,965 INFO c.g.d.SpringBatchApplication [main] No active profile set, falling back to default profiles: default
2022-05-24 14:57:44,971 INFO c.z.h.HikariDataSource [main] HikariPool-1 - Starting...
2022-05-24 14:57:45,136 INFO c.z.h.HikariDataSource [main] HikariPool-1 - Start completed.
2022-05-24 14:57:45,457 INFO o.s.b.c.r.s.JobRepositoryFactoryBean [main] No database type set, using meta data indicating: POSTGRES
2022-05-24 14:57:45,713 INFO o.s.b.c.l.s.SimpleJobLauncher [main] No TaskExecutor has been set, defaulting to synchronous executor.
2022-05-24 14:57:45,833 INFO c.g.d.SpringBatchApplication [main] Started SpringBatchApplication in 2.287 seconds (JVM running for 4.556)
2022-05-24 14:57:46,031 INFO o.s.b.c.l.s.SimpleJobLauncher [main] Job: [SimpleJob: [name=jobPrintEvenOdd]] launched with the following parameters: [{name=DaniloLopesAbreu,, flatDelimitedFile=file:files/delimited_person.txt, run.id=19, flatFile=file:files/fixed_person.txt}]
2022-05-24 14:57:46,103 INFO o.s.b.c.j.SimpleStepHandler [main] Executing step: [printParImparStep]
2022-05-24 14:57:46,272 INFO o.s.b.c.s.AbstractStep [main] Step: [printParImparStep] executed in 168ms
2022-05-24 14:57:46,300 INFO o.s.b.c.l.s.SimpleJobLauncher [main] Job: [SimpleJob: [name=jobPrintEvenOdd]] completed with the following parameters: [{name=DaniloLopesAbreu,, flatDelimitedFile=file:files/delimited_person.txt, run.id=19, flatFile=file:files/fixed_person.txt}] and the following status: [COMPLETED] in 227ms
2022-05-24 14:57:46,346 INFO o.s.b.c.l.s.SimpleJobLauncher [main] Job: [SimpleJob: [name=jobReadFromFileDelimited]] launched with the following parameters: [{name=DaniloLopesAbreu,, flatDelimitedFile=file:files/delimited_person.txt, run.id=10, flatFile=file:files/fixed_person.txt}]
2022-05-24 14:57:46,370 INFO o.s.b.c.j.SimpleStepHandler [main] Executing step: [stepReadFromFileDelimitedSizeWidth]
2022-05-24 14:57:46,490 INFO o.s.b.c.s.AbstractStep [main] Step: [stepReadFromFileDelimitedSizeWidth] executed in 119ms
2022-05-24 14:57:46,513 INFO o.s.b.c.l.s.SimpleJobLauncher [main] Job: [SimpleJob: [name=jobReadFromFileDelimited]] completed with the following parameters: [{name=DaniloLopesAbreu,, flatDelimitedFile=file:files/delimited_person.txt, run.id=10, flatFile=file:files/fixed_person.txt}] and the following status: [COMPLETED] in 158ms
2022-05-24 14:57:46,559 INFO o.s.b.c.l.s.SimpleJobLauncher [main] Job: [SimpleJob: [name=jobReadFromFile]] launched with the following parameters: [{name=DaniloLopesAbreu,, flatDelimitedFile=file:files/delimited_person.txt, run.id=15, flatFile=file:files/fixed_person.txt}]
2022-05-24 14:57:46,583 INFO o.s.b.c.j.SimpleStepHandler [main] Executing step: [stepReadFromFileFixedSizeWidth]
2022-05-24 14:57:46,651 INFO o.s.b.c.s.AbstractStep [main] Step: [stepReadFromFileFixedSizeWidth] executed in 68ms
2022-05-24 14:57:46,681 INFO o.s.b.c.j.SimpleStepHandler [main] Executing step: [stepReadFromFileDelimitedSizeWidth_2]
2022-05-24 14:57:46,748 INFO o.s.b.c.s.AbstractStep [main] Step: [stepReadFromFileDelimitedSizeWidth_2] executed in 67ms
2022-05-24 14:57:46,770 INFO o.s.b.c.l.s.SimpleJobLauncher [main] Job: [SimpleJob: [name=jobReadFromFile]] completed with the following parameters: [{name=DaniloLopesAbreu,, flatDelimitedFile=file:files/delimited_person.txt, run.id=15, flatFile=file:files/fixed_person.txt}] and the following status: [COMPLETED] in 202ms
2022-05-24 14:57:46,812 INFO o.s.b.c.l.s.SimpleJobLauncher [main] Job: [SimpleJob: [name=jobPrintHello]] launched with the following parameters: [{name=DaniloLopesAbreu,, flatDelimitedFile=file:files/delimited_person.txt, run.id=27, flatFile=file:files/fixed_person.txt}]
2022-05-24 14:57:46,840 INFO o.s.b.c.j.SimpleStepHandler [main] Executing step: [printHelloStep]
2022-05-24 14:57:46,873 INFO o.s.b.c.s.AbstractStep [main] Step: [printHelloStep] executed in 33ms
2022-05-24 14:57:46,896 INFO o.s.b.c.l.s.SimpleJobLauncher [main] Job: [SimpleJob: [name=jobPrintHello]] completed with the following parameters: [{name=DaniloLopesAbreu,, flatDelimitedFile=file:files/delimited_person.txt, run.id=27, flatFile=file:files/fixed_person.txt}] and the following status: [COMPLETED] in 75ms
2022-05-24 14:57:46,902 INFO c.z.h.HikariDataSource [SpringApplicationShutdownHook] HikariPool-1 - Shutdown initiated...
2022-05-24 14:57:46,915 INFO c.z.h.HikariDataSource [SpringApplicationShutdownHook] HikariPool-1 - Shutdown completed.
2022-05-24 15:17:42,714 INFO c.g.d.SpringBatchApplication [main] Starting SpringBatchApplication using Java 11.0.13 on pc-666 with PID 8512 (C:\GIT\danilolopesabreu\spring-batch\file-delimited-and-fixed\target\classes started by Danilo in C:\GIT\danilolopesabreu\spring-batch\file-delimited-and-fixed)
2022-05-24 15:17:42,718 INFO c.g.d.SpringBatchApplication [main] No active profile set, falling back to default profiles: default
2022-05-24 15:17:43,461 INFO c.z.h.HikariDataSource [main] HikariPool-1 - Starting...
2022-05-24 15:17:43,569 INFO c.z.h.HikariDataSource [main] HikariPool-1 - Start completed.
2022-05-24 15:17:43,788 INFO o.s.b.c.r.s.JobRepositoryFactoryBean [main] No database type set, using meta data indicating: POSTGRES
2022-05-24 15:17:43,960 INFO o.s.b.c.l.s.SimpleJobLauncher [main] No TaskExecutor has been set, defaulting to synchronous executor.
2022-05-24 15:17:44,029 INFO c.g.d.SpringBatchApplication [main] Started SpringBatchApplication in 1.676 seconds (JVM running for 3.229)
2022-05-24 15:17:44,166 INFO o.s.b.c.l.s.SimpleJobLauncher [main] Job: [SimpleJob: [name=jobPrintEvenOdd]] launched with the following parameters: [{name=DaniloLopesAbreu,, flatDelimitedFile=file:files/delimited_person.txt, run.id=20, flatFile=file:files/fixed_person.txt}]
2022-05-24 15:17:44,216 INFO o.s.b.c.j.SimpleStepHandler [main] Executing step: [printParImparStep]
2022-05-24 15:17:44,362 INFO o.s.b.c.s.AbstractStep [main] Step: [printParImparStep] executed in 145ms
2022-05-24 15:17:44,386 INFO o.s.b.c.l.s.SimpleJobLauncher [main] Job: [SimpleJob: [name=jobPrintEvenOdd]] completed with the following parameters: [{name=DaniloLopesAbreu,, flatDelimitedFile=file:files/delimited_person.txt, run.id=20, flatFile=file:files/fixed_person.txt}] and the following status: [COMPLETED] in 192ms
2022-05-24 15:17:44,429 INFO o.s.b.c.l.s.SimpleJobLauncher [main] Job: [SimpleJob: [name=jobReadFromFileDelimited]] launched with the following parameters: [{name=DaniloLopesAbreu,, flatDelimitedFile=file:files/delimited_person.txt, run.id=11, flatFile=file:files/fixed_person.txt}]
2022-05-24 15:17:44,456 INFO o.s.b.c.j.SimpleStepHandler [main] Executing step: [stepReadFromFileDelimitedSizeWidth]
2022-05-24 15:17:44,576 INFO o.s.b.c.s.AbstractStep [main] Step: [stepReadFromFileDelimitedSizeWidth] executed in 119ms
2022-05-24 15:17:44,600 INFO o.s.b.c.l.s.SimpleJobLauncher [main] Job: [SimpleJob: [name=jobReadFromFileDelimited]] completed with the following parameters: [{name=DaniloLopesAbreu,, flatDelimitedFile=file:files/delimited_person.txt, run.id=11, flatFile=file:files/fixed_person.txt}] and the following status: [COMPLETED] in 162ms
2022-05-24 15:17:44,644 INFO o.s.b.c.l.s.SimpleJobLauncher [main] Job: [SimpleJob: [name=jobReadFromFile]] launched with the following parameters: [{name=DaniloLopesAbreu,, flatDelimitedFile=file:files/delimited_person.txt, run.id=16, flatFile=file:files/fixed_person.txt}]
2022-05-24 15:17:44,669 INFO o.s.b.c.j.SimpleStepHandler [main] Executing step: [stepReadFromFileFixedSizeWidth]
2022-05-24 15:17:44,737 INFO o.s.b.c.s.AbstractStep [main] Step: [stepReadFromFileFixedSizeWidth] executed in 68ms
2022-05-24 15:17:44,764 INFO o.s.b.c.j.SimpleStepHandler [main] Executing step: [stepReadFromFileDelimitedSizeWidth_2]
2022-05-24 15:17:44,822 INFO o.s.b.c.s.AbstractStep [main] Step: [stepReadFromFileDelimitedSizeWidth_2] executed in 58ms
2022-05-24 15:17:44,844 INFO o.s.b.c.l.s.SimpleJobLauncher [main] Job: [SimpleJob: [name=jobReadFromFile]] completed with the following parameters: [{name=DaniloLopesAbreu,, flatDelimitedFile=file:files/delimited_person.txt, run.id=16, flatFile=file:files/fixed_person.txt}] and the following status: [COMPLETED] in 192ms
2022-05-24 15:17:44,884 INFO o.s.b.c.l.s.SimpleJobLauncher [main] Job: [SimpleJob: [name=jobPrintHello]] launched with the following parameters: [{name=DaniloLopesAbreu,, flatDelimitedFile=file:files/delimited_person.txt, run.id=28, flatFile=file:files/fixed_person.txt}]
2022-05-24 15:17:44,910 INFO o.s.b.c.j.SimpleStepHandler [main] Executing step: [printHelloStep]
2022-05-24 15:17:44,944 INFO o.s.b.c.s.AbstractStep [main] Step: [printHelloStep] executed in 34ms
2022-05-24 15:17:44,966 INFO o.s.b.c.l.s.SimpleJobLauncher [main] Job: [SimpleJob: [name=jobPrintHello]] completed with the following parameters: [{name=DaniloLopesAbreu,, flatDelimitedFile=file:files/delimited_person.txt, run.id=28, flatFile=file:files/fixed_person.txt}] and the following status: [COMPLETED] in 74ms
2022-05-24 15:17:44,972 INFO c.z.h.HikariDataSource [SpringApplicationShutdownHook] HikariPool-1 - Shutdown initiated...
2022-05-24 15:17:44,984 INFO c.z.h.HikariDataSource [SpringApplicationShutdownHook] HikariPool-1 - Shutdown completed.
